{"/home/travis/build/iketari/preoccupyjs/src/client.ts": {"path":"/home/travis/build/iketari/preoccupyjs/src/client.ts","statementMap":{"0":{"start":{"line":1,"column":0},"end":{"line":1,"column":37}},"1":{"start":{"line":4,"column":0},"end":{"line":4,"column":74}},"2":{"start":{"line":6,"column":21},"end":{"line":6,"column":23}},"3":{"start":{"line":8,"column":0},"end":{"line":45,"column":0}},"4":{"start":{"line":12,"column":22},"end":{"line":12,"column":50}},"5":{"start":{"line":12,"column":60},"end":{"line":12,"column":78}},"6":{"start":{"line":9,"column":10},"end":{"line":9,"column":46}},"7":{"start":{"line":10,"column":10},"end":{"line":10,"column":48}},"8":{"start":{"line":14,"column":9},"end":{"line":25,"column":3}},"9":{"start":{"line":15,"column":4},"end":{"line":24,"column":5}},"10":{"start":{"line":16,"column":21},"end":{"line":16,"column":53}},"11":{"start":{"line":17,"column":21},"end":{"line":17,"column":69}},"12":{"start":{"line":19,"column":6},"end":{"line":19,"column":54}},"13":{"start":{"line":20,"column":6},"end":{"line":20,"column":36}},"14":{"start":{"line":21,"column":6},"end":{"line":23,"column":7}},"15":{"start":{"line":22,"column":8},"end":{"line":22,"column":33}},"16":{"start":{"line":27,"column":9},"end":{"line":39,"column":3}},"17":{"start":{"line":27,"column":2},"end":{"line":39,"column":2}},"18":{"start":{"line":28,"column":4},"end":{"line":30,"column":7}},"19":{"start":{"line":29,"column":6},"end":{"line":29,"column":22}},"20":{"start":{"line":32,"column":4},"end":{"line":36,"column":7}},"21":{"start":{"line":33,"column":31},"end":{"line":33,"column":43}},"22":{"start":{"line":35,"column":6},"end":{"line":35,"column":55}},"23":{"start":{"line":38,"column":4},"end":{"line":38,"column":31}},"24":{"start":{"line":41,"column":9},"end":{"line":44,"column":3}},"25":{"start":{"line":42,"column":4},"end":{"line":42,"column":32}},"26":{"start":{"line":43,"column":4},"end":{"line":43,"column":23}},"27":{"start":{"line":45,"column":0},"end":{"line":45,"column":1}},"28":{"start":{"line":8,"column":13},"end":{"line":8,"column":19}}},"fnMap":{"0":{"name":"(anonymous_0)","decl":{"start":{"line":8,"column":0},"end":{"line":null,"column":-1}},"loc":{"start":{"line":8,"column":0},"end":{"line":8,"column":-1}}},"1":{"name":"Client","decl":{"start":{"line":12,"column":2},"end":{"line":12,"column":21}},"loc":{"start":{"line":12,"column":78},"end":{"line":12,"column":82}}},"2":{"name":"(anonymous_2)","decl":{"start":{"line":14,"column":2},"end":{"line":14,"column":16}},"loc":{"start":{"line":14,"column":46},"end":{"line":25,"column":3}}},"3":{"name":"(anonymous_3)","decl":{"start":{"line":27,"column":2},"end":{"line":null,"column":-1}},"loc":{"start":{"line":27,"column":2},"end":{"line":39,"column":3}}},"4":{"name":"(anonymous_4)","decl":{"start":{"line":28,"column":47},"end":{"line":28,"column":46}},"loc":{"start":{"line":28,"column":52},"end":{"line":30,"column":5}}},"5":{"name":"(anonymous_5)","decl":{"start":{"line":32,"column":46},"end":{"line":32,"column":45}},"loc":{"start":{"line":32,"column":51},"end":{"line":36,"column":5}}},"6":{"name":"(anonymous_6)","decl":{"start":{"line":41,"column":2},"end":{"line":null,"column":-1}},"loc":{"start":{"line":41,"column":2},"end":{"line":44,"column":3}}}},"branchMap":{"0":{"loc":{"start":{"line":15,"column":4},"end":{"line":24,"column":5}},"type":"if","locations":[{"start":{"line":15,"column":4},"end":{"line":24,"column":5}},{"start":{"line":15,"column":4},"end":{"line":24,"column":5}}]}},"s":{"0":3,"1":3,"2":3,"3":3,"4":6,"5":6,"6":6,"7":6,"8":3,"9":2,"10":1,"11":1,"12":1,"13":1,"14":1,"15":0,"16":3,"17":1,"18":1,"19":0,"20":1,"21":0,"22":0,"23":1,"24":3,"25":2,"26":2,"27":3,"28":3},"f":{"0":3,"1":6,"2":2,"3":1,"4":0,"5":0,"6":2},"b":{"0":[1,1]}}
,"/home/travis/build/iketari/preoccupyjs/src/cursor.ts": {"path":"/home/travis/build/iketari/preoccupyjs/src/cursor.ts","statementMap":{"0":{"start":{"line":2,"column":0},"end":{"line":2,"column":29}},"1":{"start":{"line":4,"column":0},"end":{"line":37,"column":0}},"2":{"start":{"line":7,"column":4},"end":{"line":7,"column":36}},"3":{"start":{"line":10,"column":9},"end":{"line":12,"column":3}},"4":{"start":{"line":10,"column":18},"end":{"line":10,"column":19}},"5":{"start":{"line":10,"column":21},"end":{"line":10,"column":22}},"6":{"start":{"line":11,"column":4},"end":{"line":11,"column":70}},"7":{"start":{"line":14,"column":9},"end":{"line":16,"column":3}},"8":{"start":{"line":15,"column":4},"end":{"line":15,"column":19}},"9":{"start":{"line":18,"column":9},"end":{"line":20,"column":3}},"10":{"start":{"line":19,"column":4},"end":{"line":19,"column":32}},"11":{"start":{"line":22,"column":10},"end":{"line":36,"column":3}},"12":{"start":{"line":23,"column":15},"end":{"line":23,"column":44}},"13":{"start":{"line":24,"column":4},"end":{"line":33,"column":7}},"14":{"start":{"line":35,"column":4},"end":{"line":35,"column":14}},"15":{"start":{"line":37,"column":0},"end":{"line":37,"column":1}},"16":{"start":{"line":4,"column":13},"end":{"line":4,"column":19}}},"fnMap":{"0":{"name":"(anonymous_0)","decl":{"start":{"line":4,"column":0},"end":{"line":null,"column":-1}},"loc":{"start":{"line":4,"column":0},"end":{"line":4,"column":-1}}},"1":{"name":"Cursor","decl":{"start":{"line":6,"column":2},"end":{"line":null,"column":-1}},"loc":{"start":{"line":6,"column":2},"end":{"line":8,"column":3}}},"2":{"name":"(anonymous_2)","decl":{"start":{"line":10,"column":2},"end":{"line":10,"column":15}},"loc":{"start":{"line":10,"column":37},"end":{"line":12,"column":3}}},"3":{"name":"(anonymous_3)","decl":{"start":{"line":14,"column":2},"end":{"line":null,"column":-1}},"loc":{"start":{"line":14,"column":2},"end":{"line":16,"column":3}}},"4":{"name":"(anonymous_4)","decl":{"start":{"line":18,"column":2},"end":{"line":null,"column":-1}},"loc":{"start":{"line":18,"column":2},"end":{"line":20,"column":3}}},"5":{"name":"(anonymous_5)","decl":{"start":{"line":22,"column":2},"end":{"line":null,"column":-1}},"loc":{"start":{"line":22,"column":2},"end":{"line":36,"column":3}}}},"branchMap":{"0":{"loc":{"start":{"line":19,"column":4},"end":{"line":19,"column":11}},"type":"binary-expr","locations":[{"start":{"line":19,"column":4},"end":{"line":19,"column":11}},{"start":{"line":19,"column":15},"end":{"line":19,"column":31}}]}},"s":{"0":4,"1":4,"2":8,"3":4,"4":1,"5":1,"6":1,"7":4,"8":4,"9":4,"10":1,"11":4,"12":8,"13":8,"14":8,"15":4,"16":4},"f":{"0":4,"1":8,"2":1,"3":4,"4":1,"5":8},"b":{"0":[1,1]}}
,"/home/travis/build/iketari/preoccupyjs/src/dom.ts": {"path":"/home/travis/build/iketari/preoccupyjs/src/dom.ts","statementMap":{"0":{"start":{"line":2,"column":0},"end":{"line":2,"column":33}},"1":{"start":{"line":3,"column":0},"end":{"line":3,"column":36}},"2":{"start":{"line":5,"column":15},"end":{"line":5,"column":16}},"3":{"start":{"line":7,"column":0},"end":{"line":313,"column":0}},"4":{"start":{"line":9,"column":22},"end":{"line":9,"column":33}},"5":{"start":{"line":8,"column":10},"end":{"line":8,"column":40}},"6":{"start":{"line":11,"column":9},"end":{"line":20,"column":3}},"7":{"start":{"line":12,"column":4},"end":{"line":12,"column":39}},"8":{"start":{"line":14,"column":19},"end":{"line":14,"column":32}},"9":{"start":{"line":15,"column":4},"end":{"line":19,"column":5}},"10":{"start":{"line":16,"column":6},"end":{"line":16,"column":47}},"11":{"start":{"line":18,"column":6},"end":{"line":18,"column":46}},"12":{"start":{"line":22,"column":9},"end":{"line":24,"column":3}},"13":{"start":{"line":23,"column":4},"end":{"line":23,"column":26}},"14":{"start":{"line":26,"column":9},"end":{"line":37,"column":3}},"15":{"start":{"line":27,"column":27},"end":{"line":27,"column":67}},"16":{"start":{"line":28,"column":20},"end":{"line":28,"column":58}},"17":{"start":{"line":30,"column":4},"end":{"line":32,"column":5}},"18":{"start":{"line":31,"column":6},"end":{"line":31,"column":13}},"19":{"start":{"line":34,"column":4},"end":{"line":34,"column":44}},"20":{"start":{"line":36,"column":4},"end":{"line":36,"column":39}},"21":{"start":{"line":39,"column":9},"end":{"line":47,"column":3}},"22":{"start":{"line":40,"column":20},"end":{"line":40,"column":58}},"23":{"start":{"line":42,"column":4},"end":{"line":44,"column":5}},"24":{"start":{"line":43,"column":6},"end":{"line":43,"column":13}},"25":{"start":{"line":46,"column":4},"end":{"line":46,"column":44}},"26":{"start":{"line":49,"column":9},"end":{"line":57,"column":3}},"27":{"start":{"line":50,"column":20},"end":{"line":50,"column":58}},"28":{"start":{"line":52,"column":4},"end":{"line":54,"column":5}},"29":{"start":{"line":53,"column":6},"end":{"line":53,"column":13}},"30":{"start":{"line":56,"column":4},"end":{"line":56,"column":42}},"31":{"start":{"line":59,"column":9},"end":{"line":75,"column":3}},"32":{"start":{"line":60,"column":20},"end":{"line":60,"column":58}},"33":{"start":{"line":62,"column":4},"end":{"line":64,"column":5}},"34":{"start":{"line":63,"column":6},"end":{"line":63,"column":13}},"35":{"start":{"line":66,"column":11},"end":{"line":66,"column":13}},"36":{"start":{"line":66,"column":15},"end":{"line":66,"column":22}},"37":{"start":{"line":68,"column":4},"end":{"line":70,"column":5}},"38":{"start":{"line":69,"column":6},"end":{"line":69,"column":68}},"39":{"start":{"line":72,"column":4},"end":{"line":72,"column":22}},"40":{"start":{"line":73,"column":4},"end":{"line":73,"column":32}},"41":{"start":{"line":74,"column":4},"end":{"line":74,"column":41}},"42":{"start":{"line":77,"column":9},"end":{"line":92,"column":3}},"43":{"start":{"line":78,"column":12},"end":{"line":78,"column":13}},"44":{"start":{"line":78,"column":15},"end":{"line":78,"column":16}},"45":{"start":{"line":78,"column":18},"end":{"line":78,"column":24}},"46":{"start":{"line":79,"column":20},"end":{"line":79,"column":55}},"47":{"start":{"line":81,"column":4},"end":{"line":83,"column":5}},"48":{"start":{"line":82,"column":6},"end":{"line":82,"column":13}},"49":{"start":{"line":85,"column":9},"end":{"line":85,"column":11}},"50":{"start":{"line":85,"column":13},"end":{"line":85,"column":20}},"51":{"start":{"line":86,"column":4},"end":{"line":89,"column":6}},"52":{"start":{"line":91,"column":4},"end":{"line":91,"column":47}},"53":{"start":{"line":94,"column":9},"end":{"line":110,"column":3}},"54":{"start":{"line":95,"column":15},"end":{"line":95,"column":96}},"55":{"start":{"line":97,"column":4},"end":{"line":99,"column":5}},"56":{"start":{"line":98,"column":6},"end":{"line":98,"column":13}},"57":{"start":{"line":101,"column":4},"end":{"line":108,"column":5}},"58":{"start":{"line":104,"column":9},"end":{"line":104,"column":42}},"59":{"start":{"line":105,"column":8},"end":{"line":105,"column":14}},"60":{"start":{"line":107,"column":8},"end":{"line":107,"column":14}},"61":{"start":{"line":109,"column":4},"end":{"line":109,"column":35}},"62":{"start":{"line":112,"column":9},"end":{"line":137,"column":3}},"63":{"start":{"line":113,"column":15},"end":{"line":113,"column":37}},"64":{"start":{"line":114,"column":4},"end":{"line":116,"column":5}},"65":{"start":{"line":115,"column":6},"end":{"line":115,"column":13}},"66":{"start":{"line":118,"column":4},"end":{"line":134,"column":5}},"67":{"start":{"line":119,"column":6},"end":{"line":133,"column":7}},"68":{"start":{"line":122,"column":26},"end":{"line":122,"column":48}},"69":{"start":{"line":123,"column":10},"end":{"line":125,"column":11}},"70":{"start":{"line":124,"column":12},"end":{"line":124,"column":18}},"71":{"start":{"line":126,"column":10},"end":{"line":126,"column":73}},"72":{"start":{"line":127,"column":10},"end":{"line":127,"column":16}},"73":{"start":{"line":129,"column":10},"end":{"line":131,"column":11}},"74":{"start":{"line":130,"column":12},"end":{"line":130,"column":53}},"75":{"start":{"line":132,"column":10},"end":{"line":132,"column":16}},"76":{"start":{"line":136,"column":4},"end":{"line":136,"column":58}},"77":{"start":{"line":139,"column":9},"end":{"line":146,"column":3}},"78":{"start":{"line":140,"column":15},"end":{"line":140,"column":37}},"79":{"start":{"line":141,"column":4},"end":{"line":143,"column":5}},"80":{"start":{"line":142,"column":6},"end":{"line":142,"column":13}},"81":{"start":{"line":145,"column":4},"end":{"line":145,"column":56}},"82":{"start":{"line":148,"column":9},"end":{"line":166,"column":3}},"83":{"start":{"line":149,"column":15},"end":{"line":149,"column":52}},"84":{"start":{"line":150,"column":4},"end":{"line":152,"column":5}},"85":{"start":{"line":151,"column":6},"end":{"line":151,"column":13}},"86":{"start":{"line":154,"column":4},"end":{"line":154,"column":42}},"87":{"start":{"line":155,"column":4},"end":{"line":163,"column":5}},"88":{"start":{"line":158,"column":9},"end":{"line":158,"column":80}},"89":{"start":{"line":159,"column":8},"end":{"line":159,"column":14}},"90":{"start":{"line":161,"column":8},"end":{"line":161,"column":59}},"91":{"start":{"line":162,"column":8},"end":{"line":162,"column":14}},"92":{"start":{"line":165,"column":4},"end":{"line":165,"column":39}},"93":{"start":{"line":168,"column":9},"end":{"line":214,"column":3}},"94":{"start":{"line":169,"column":4},"end":{"line":169,"column":5}},"95":{"start":{"line":170,"column":4},"end":{"line":170,"column":5}},"96":{"start":{"line":171,"column":4},"end":{"line":171,"column":10}},"97":{"start":{"line":172,"column":4},"end":{"line":172,"column":10}},"98":{"start":{"line":179,"column":20},"end":{"line":179,"column":98}},"99":{"start":{"line":181,"column":13},"end":{"line":181,"column":22}},"100":{"start":{"line":182,"column":33},"end":{"line":182,"column":45}},"101":{"start":{"line":184,"column":4},"end":{"line":186,"column":5}},"102":{"start":{"line":185,"column":6},"end":{"line":185,"column":13}},"103":{"start":{"line":188,"column":4},"end":{"line":200,"column":5}},"104":{"start":{"line":189,"column":6},"end":{"line":192,"column":7}},"105":{"start":{"line":190,"column":8},"end":{"line":190,"column":26}},"106":{"start":{"line":191,"column":8},"end":{"line":191,"column":14}},"107":{"start":{"line":194,"column":6},"end":{"line":197,"column":7}},"108":{"start":{"line":195,"column":8},"end":{"line":195,"column":26}},"109":{"start":{"line":196,"column":8},"end":{"line":196,"column":14}},"110":{"start":{"line":199,"column":6},"end":{"line":199,"column":28}},"111":{"start":{"line":202,"column":4},"end":{"line":204,"column":5}},"112":{"start":{"line":203,"column":6},"end":{"line":203,"column":48}},"113":{"start":{"line":206,"column":4},"end":{"line":210,"column":5}},"114":{"start":{"line":207,"column":6},"end":{"line":207,"column":45}},"115":{"start":{"line":209,"column":6},"end":{"line":209,"column":45}},"116":{"start":{"line":212,"column":4},"end":{"line":212,"column":32}},"117":{"start":{"line":213,"column":4},"end":{"line":213,"column":33}},"118":{"start":{"line":216,"column":10},"end":{"line":233,"column":3}},"119":{"start":{"line":219,"column":27},"end":{"line":219,"column":67}},"120":{"start":{"line":220,"column":15},"end":{"line":220,"column":70}},"121":{"start":{"line":222,"column":4},"end":{"line":224,"column":5}},"122":{"start":{"line":223,"column":6},"end":{"line":223,"column":18}},"123":{"start":{"line":226,"column":20},"end":{"line":230,"column":5}},"124":{"start":{"line":232,"column":4},"end":{"line":232,"column":25}},"125":{"start":{"line":235,"column":10},"end":{"line":242,"column":3}},"126":{"start":{"line":235,"column":35},"end":{"line":235,"column":36}},"127":{"start":{"line":235,"column":38},"end":{"line":235,"column":39}},"128":{"start":{"line":236,"column":12},"end":{"line":236,"column":23}},"129":{"start":{"line":236,"column":25},"end":{"line":236,"column":35}},"130":{"start":{"line":238,"column":4},"end":{"line":241,"column":6}},"131":{"start":{"line":244,"column":10},"end":{"line":246,"column":3}},"132":{"start":{"line":244,"column":32},"end":{"line":244,"column":33}},"133":{"start":{"line":244,"column":35},"end":{"line":244,"column":36}},"134":{"start":{"line":245,"column":4},"end":{"line":245,"column":61}},"135":{"start":{"line":248,"column":10},"end":{"line":252,"column":3}},"136":{"start":{"line":249,"column":4},"end":{"line":251,"column":5}},"137":{"start":{"line":250,"column":6},"end":{"line":250,"column":17}},"138":{"start":{"line":254,"column":10},"end":{"line":294,"column":3}},"139":{"start":{"line":254,"column":51},"end":{"line":254,"column":71}},"140":{"start":{"line":256,"column":27},"end":{"line":259,"column":5}},"141":{"start":{"line":261,"column":4},"end":{"line":287,"column":5}},"142":{"start":{"line":268,"column":8},"end":{"line":271,"column":11}},"143":{"start":{"line":272,"column":8},"end":{"line":272,"column":14}},"144":{"start":{"line":276,"column":8},"end":{"line":279,"column":11}},"145":{"start":{"line":280,"column":8},"end":{"line":280,"column":14}},"146":{"start":{"line":282,"column":8},"end":{"line":285,"column":11}},"147":{"start":{"line":286,"column":8},"end":{"line":286,"column":14}},"148":{"start":{"line":289,"column":4},"end":{"line":291,"column":5}},"149":{"start":{"line":290,"column":6},"end":{"line":290,"column":34}},"150":{"start":{"line":293,"column":4},"end":{"line":293,"column":35}},"151":{"start":{"line":296,"column":10},"end":{"line":298,"column":3}},"152":{"start":{"line":297,"column":4},"end":{"line":297,"column":60}},"153":{"start":{"line":300,"column":10},"end":{"line":303,"column":3}},"154":{"start":{"line":301,"column":18},"end":{"line":301,"column":38}},"155":{"start":{"line":302,"column":4},"end":{"line":302,"column":91}},"156":{"start":{"line":305,"column":10},"end":{"line":308,"column":3}},"157":{"start":{"line":306,"column":18},"end":{"line":306,"column":38}},"158":{"start":{"line":307,"column":4},"end":{"line":307,"column":93}},"159":{"start":{"line":310,"column":10},"end":{"line":312,"column":3}},"160":{"start":{"line":311,"column":4},"end":{"line":311,"column":82}},"161":{"start":{"line":313,"column":0},"end":{"line":313,"column":1}},"162":{"start":{"line":7,"column":13},"end":{"line":7,"column":26}}},"fnMap":{"0":{"name":"(anonymous_2)","decl":{"start":{"line":7,"column":0},"end":{"line":null,"column":-1}},"loc":{"start":{"line":7,"column":0},"end":{"line":7,"column":-1}}},"1":{"name":"DomController","decl":{"start":{"line":9,"column":2},"end":{"line":9,"column":21}},"loc":{"start":{"line":9,"column":33},"end":{"line":9,"column":37}}},"2":{"name":"(anonymous_4)","decl":{"start":{"line":11,"column":2},"end":{"line":null,"column":-1}},"loc":{"start":{"line":11,"column":2},"end":{"line":20,"column":3}}},"3":{"name":"(anonymous_5)","decl":{"start":{"line":22,"column":2},"end":{"line":null,"column":-1}},"loc":{"start":{"line":22,"column":2},"end":{"line":24,"column":3}}},"4":{"name":"(anonymous_6)","decl":{"start":{"line":26,"column":2},"end":{"line":26,"column":21}},"loc":{"start":{"line":26,"column":46},"end":{"line":37,"column":3}}},"5":{"name":"(anonymous_7)","decl":{"start":{"line":39,"column":2},"end":{"line":39,"column":20}},"loc":{"start":{"line":39,"column":45},"end":{"line":47,"column":3}}},"6":{"name":"(anonymous_8)","decl":{"start":{"line":49,"column":2},"end":{"line":49,"column":18}},"loc":{"start":{"line":49,"column":43},"end":{"line":57,"column":3}}},"7":{"name":"(anonymous_9)","decl":{"start":{"line":59,"column":2},"end":{"line":59,"column":16}},"loc":{"start":{"line":59,"column":41},"end":{"line":75,"column":3}}},"8":{"name":"(anonymous_10)","decl":{"start":{"line":77,"column":2},"end":{"line":77,"column":21}},"loc":{"start":{"line":77,"column":48},"end":{"line":92,"column":3}}},"9":{"name":"(anonymous_11)","decl":{"start":{"line":94,"column":2},"end":{"line":94,"column":19}},"loc":{"start":{"line":94,"column":44},"end":{"line":110,"column":3}}},"10":{"name":"(anonymous_12)","decl":{"start":{"line":112,"column":2},"end":{"line":112,"column":16}},"loc":{"start":{"line":112,"column":48},"end":{"line":137,"column":3}}},"11":{"name":"(anonymous_13)","decl":{"start":{"line":139,"column":2},"end":{"line":139,"column":14}},"loc":{"start":{"line":139,"column":30},"end":{"line":146,"column":3}}},"12":{"name":"(anonymous_14)","decl":{"start":{"line":148,"column":2},"end":{"line":148,"column":17}},"loc":{"start":{"line":148,"column":47},"end":{"line":166,"column":3}}},"13":{"name":"(anonymous_15)","decl":{"start":{"line":168,"column":2},"end":{"line":168,"column":15}},"loc":{"start":{"line":178,"column":3},"end":{"line":214,"column":3}}},"14":{"name":"(anonymous_16)","decl":{"start":{"line":216,"column":2},"end":{"line":217,"column":3}},"loc":{"start":{"line":217,"column":28},"end":{"line":233,"column":3}}},"15":{"name":"(anonymous_17)","decl":{"start":{"line":235,"column":2},"end":{"line":235,"column":32}},"loc":{"start":{"line":235,"column":54},"end":{"line":242,"column":3}}},"16":{"name":"(anonymous_18)","decl":{"start":{"line":244,"column":2},"end":{"line":244,"column":29}},"loc":{"start":{"line":244,"column":51},"end":{"line":246,"column":3}}},"17":{"name":"(anonymous_19)","decl":{"start":{"line":248,"column":2},"end":{"line":248,"column":18}},"loc":{"start":{"line":248,"column":34},"end":{"line":252,"column":3}}},"18":{"name":"(anonymous_20)","decl":{"start":{"line":254,"column":2},"end":{"line":254,"column":19}},"loc":{"start":{"line":254,"column":71},"end":{"line":294,"column":3}}},"19":{"name":"(anonymous_21)","decl":{"start":{"line":296,"column":2},"end":{"line":296,"column":22}},"loc":{"start":{"line":296,"column":38},"end":{"line":298,"column":3}}},"20":{"name":"(anonymous_22)","decl":{"start":{"line":300,"column":2},"end":{"line":300,"column":23}},"loc":{"start":{"line":300,"column":39},"end":{"line":303,"column":3}}},"21":{"name":"(anonymous_23)","decl":{"start":{"line":305,"column":2},"end":{"line":305,"column":23}},"loc":{"start":{"line":305,"column":39},"end":{"line":308,"column":3}}},"22":{"name":"(anonymous_24)","decl":{"start":{"line":310,"column":2},"end":{"line":null,"column":-1}},"loc":{"start":{"line":310,"column":2},"end":{"line":312,"column":3}}}},"branchMap":{"0":{"loc":{"start":{"line":15,"column":4},"end":{"line":19,"column":5}},"type":"if","locations":[{"start":{"line":15,"column":4},"end":{"line":19,"column":5}},{"start":{"line":15,"column":4},"end":{"line":19,"column":5}}]},"1":{"loc":{"start":{"line":30,"column":4},"end":{"line":32,"column":5}},"type":"if","locations":[{"start":{"line":30,"column":4},"end":{"line":32,"column":5}},{"start":{"line":30,"column":4},"end":{"line":32,"column":5}}]},"2":{"loc":{"start":{"line":42,"column":4},"end":{"line":44,"column":5}},"type":"if","locations":[{"start":{"line":42,"column":4},"end":{"line":44,"column":5}},{"start":{"line":42,"column":4},"end":{"line":44,"column":5}}]},"3":{"loc":{"start":{"line":52,"column":4},"end":{"line":54,"column":5}},"type":"if","locations":[{"start":{"line":52,"column":4},"end":{"line":54,"column":5}},{"start":{"line":52,"column":4},"end":{"line":54,"column":5}}]},"4":{"loc":{"start":{"line":62,"column":4},"end":{"line":64,"column":5}},"type":"if","locations":[{"start":{"line":62,"column":4},"end":{"line":64,"column":5}},{"start":{"line":62,"column":4},"end":{"line":64,"column":5}}]},"5":{"loc":{"start":{"line":68,"column":4},"end":{"line":70,"column":5}},"type":"if","locations":[{"start":{"line":68,"column":4},"end":{"line":70,"column":5}},{"start":{"line":68,"column":4},"end":{"line":70,"column":5}}]},"6":{"loc":{"start":{"line":81,"column":4},"end":{"line":83,"column":5}},"type":"if","locations":[{"start":{"line":81,"column":4},"end":{"line":83,"column":5}},{"start":{"line":81,"column":4},"end":{"line":83,"column":5}}]},"7":{"loc":{"start":{"line":97,"column":4},"end":{"line":99,"column":5}},"type":"if","locations":[{"start":{"line":97,"column":4},"end":{"line":99,"column":5}},{"start":{"line":97,"column":4},"end":{"line":99,"column":5}}]},"8":{"loc":{"start":{"line":102,"column":6},"end":{"line":102,"column":22}},"type":"switch","locations":[{"start":{"line":102,"column":6},"end":{"line":102,"column":22}},{"start":{"line":103,"column":6},"end":{"line":105,"column":14}},{"start":{"line":106,"column":6},"end":{"line":107,"column":14}}]},"9":{"loc":{"start":{"line":114,"column":4},"end":{"line":116,"column":5}},"type":"if","locations":[{"start":{"line":114,"column":4},"end":{"line":116,"column":5}},{"start":{"line":114,"column":4},"end":{"line":116,"column":5}}]},"10":{"loc":{"start":{"line":118,"column":4},"end":{"line":134,"column":5}},"type":"if","locations":[{"start":{"line":118,"column":4},"end":{"line":134,"column":5}},{"start":{"line":118,"column":4},"end":{"line":134,"column":5}}]},"11":{"loc":{"start":{"line":120,"column":8},"end":{"line":120,"column":24}},"type":"switch","locations":[{"start":{"line":120,"column":8},"end":{"line":120,"column":24}},{"start":{"line":121,"column":8},"end":{"line":127,"column":16}},{"start":{"line":128,"column":8},"end":{"line":132,"column":16}}]},"12":{"loc":{"start":{"line":123,"column":10},"end":{"line":125,"column":11}},"type":"if","locations":[{"start":{"line":123,"column":10},"end":{"line":125,"column":11}},{"start":{"line":123,"column":10},"end":{"line":125,"column":11}}]},"13":{"loc":{"start":{"line":123,"column":14},"end":{"line":123,"column":58}},"type":"binary-expr","locations":[{"start":{"line":123,"column":14},"end":{"line":123,"column":58}},{"start":{"line":123,"column":62},"end":{"line":123,"column":76}}]},"14":{"loc":{"start":{"line":129,"column":10},"end":{"line":131,"column":11}},"type":"if","locations":[{"start":{"line":129,"column":10},"end":{"line":131,"column":11}},{"start":{"line":129,"column":10},"end":{"line":131,"column":11}}]},"15":{"loc":{"start":{"line":141,"column":4},"end":{"line":143,"column":5}},"type":"if","locations":[{"start":{"line":141,"column":4},"end":{"line":143,"column":5}},{"start":{"line":141,"column":4},"end":{"line":143,"column":5}}]},"16":{"loc":{"start":{"line":150,"column":4},"end":{"line":152,"column":5}},"type":"if","locations":[{"start":{"line":150,"column":4},"end":{"line":152,"column":5}},{"start":{"line":150,"column":4},"end":{"line":152,"column":5}}]},"17":{"loc":{"start":{"line":150,"column":8},"end":{"line":150,"column":11}},"type":"binary-expr","locations":[{"start":{"line":150,"column":8},"end":{"line":150,"column":11}},{"start":{"line":150,"column":15},"end":{"line":150,"column":42}}]},"18":{"loc":{"start":{"line":156,"column":6},"end":{"line":156,"column":22}},"type":"switch","locations":[{"start":{"line":156,"column":6},"end":{"line":156,"column":22}},{"start":{"line":157,"column":6},"end":{"line":159,"column":14}},{"start":{"line":160,"column":6},"end":{"line":162,"column":14}}]},"19":{"loc":{"start":{"line":184,"column":4},"end":{"line":186,"column":5}},"type":"if","locations":[{"start":{"line":184,"column":4},"end":{"line":186,"column":5}},{"start":{"line":184,"column":4},"end":{"line":186,"column":5}}]},"20":{"loc":{"start":{"line":188,"column":11},"end":{"line":188,"column":13}},"type":"binary-expr","locations":[{"start":{"line":188,"column":11},"end":{"line":188,"column":13}},{"start":{"line":188,"column":17},"end":{"line":188,"column":33}}]},"21":{"loc":{"start":{"line":189,"column":6},"end":{"line":192,"column":7}},"type":"if","locations":[{"start":{"line":189,"column":6},"end":{"line":192,"column":7}},{"start":{"line":189,"column":6},"end":{"line":192,"column":7}}]},"22":{"loc":{"start":{"line":189,"column":10},"end":{"line":189,"column":32}},"type":"binary-expr","locations":[{"start":{"line":189,"column":10},"end":{"line":189,"column":32}},{"start":{"line":189,"column":36},"end":{"line":189,"column":58}}]},"23":{"loc":{"start":{"line":194,"column":6},"end":{"line":197,"column":7}},"type":"if","locations":[{"start":{"line":194,"column":6},"end":{"line":197,"column":7}},{"start":{"line":194,"column":6},"end":{"line":197,"column":7}}]},"24":{"loc":{"start":{"line":194,"column":10},"end":{"line":194,"column":33}},"type":"binary-expr","locations":[{"start":{"line":194,"column":10},"end":{"line":194,"column":33}},{"start":{"line":194,"column":37},"end":{"line":194,"column":59}}]},"25":{"loc":{"start":{"line":202,"column":4},"end":{"line":204,"column":5}},"type":"if","locations":[{"start":{"line":202,"column":4},"end":{"line":204,"column":5}},{"start":{"line":202,"column":4},"end":{"line":204,"column":5}}]},"26":{"loc":{"start":{"line":206,"column":4},"end":{"line":210,"column":5}},"type":"if","locations":[{"start":{"line":206,"column":4},"end":{"line":210,"column":5}},{"start":{"line":206,"column":4},"end":{"line":210,"column":5}}]},"27":{"loc":{"start":{"line":222,"column":4},"end":{"line":224,"column":5}},"type":"if","locations":[{"start":{"line":222,"column":4},"end":{"line":224,"column":5}},{"start":{"line":222,"column":4},"end":{"line":224,"column":5}}]},"28":{"loc":{"start":{"line":249,"column":4},"end":{"line":251,"column":5}},"type":"if","locations":[{"start":{"line":249,"column":4},"end":{"line":251,"column":5}},{"start":{"line":249,"column":4},"end":{"line":251,"column":5}}]},"29":{"loc":{"start":{"line":254,"column":51},"end":{"line":254,"column":71}},"type":"if","locations":[{"start":{"line":254,"column":51},"end":{"line":254,"column":71}},{"start":{"line":254,"column":51},"end":{"line":254,"column":71}}]},"30":{"loc":{"start":{"line":262,"column":6},"end":{"line":262,"column":19}},"type":"switch","locations":[{"start":{"line":262,"column":6},"end":{"line":262,"column":19}},{"start":{"line":263,"column":6},"end":{"line":263,"column":22}},{"start":{"line":264,"column":6},"end":{"line":264,"column":23}},{"start":{"line":265,"column":6},"end":{"line":265,"column":21}},{"start":{"line":266,"column":6},"end":{"line":266,"column":25}},{"start":{"line":267,"column":6},"end":{"line":272,"column":14}},{"start":{"line":273,"column":6},"end":{"line":273,"column":22}},{"start":{"line":274,"column":6},"end":{"line":274,"column":21}},{"start":{"line":275,"column":6},"end":{"line":280,"column":14}},{"start":{"line":281,"column":6},"end":{"line":286,"column":14}}]},"31":{"loc":{"start":{"line":289,"column":4},"end":{"line":291,"column":5}},"type":"if","locations":[{"start":{"line":289,"column":4},"end":{"line":291,"column":5}},{"start":{"line":289,"column":4},"end":{"line":291,"column":5}}]},"32":{"loc":{"start":{"line":297,"column":11},"end":{"line":297,"column":33}},"type":"binary-expr","locations":[{"start":{"line":297,"column":11},"end":{"line":297,"column":33}},{"start":{"line":297,"column":37},"end":{"line":297,"column":59}}]},"33":{"loc":{"start":{"line":302,"column":11},"end":{"line":302,"column":55}},"type":"binary-expr","locations":[{"start":{"line":302,"column":11},"end":{"line":302,"column":55}},{"start":{"line":302,"column":59},"end":{"line":302,"column":90}}]},"34":{"loc":{"start":{"line":307,"column":11},"end":{"line":307,"column":55}},"type":"binary-expr","locations":[{"start":{"line":307,"column":11},"end":{"line":307,"column":55}},{"start":{"line":307,"column":59},"end":{"line":307,"column":92}}]},"35":{"loc":{"start":{"line":311,"column":12},"end":{"line":311,"column":37}},"type":"binary-expr","locations":[{"start":{"line":311,"column":12},"end":{"line":311,"column":37}},{"start":{"line":311,"column":41},"end":{"line":311,"column":65}}]}},"s":{"0":3,"1":3,"2":3,"3":3,"4":6,"5":6,"6":3,"7":1,"8":1,"9":1,"10":1,"11":0,"12":3,"13":1,"14":3,"15":2,"16":2,"17":2,"18":1,"19":1,"20":1,"21":3,"22":1,"23":1,"24":1,"25":0,"26":3,"27":1,"28":1,"29":1,"30":0,"31":3,"32":1,"33":1,"34":1,"35":0,"36":0,"37":0,"38":0,"39":0,"40":0,"41":0,"42":3,"43":1,"44":1,"45":1,"46":1,"47":1,"48":1,"49":0,"50":0,"51":0,"52":0,"53":3,"54":1,"55":1,"56":1,"57":0,"58":0,"59":0,"60":0,"61":0,"62":3,"63":1,"64":1,"65":1,"66":0,"67":0,"68":0,"69":0,"70":0,"71":0,"72":0,"73":0,"74":0,"75":0,"76":0,"77":3,"78":1,"79":1,"80":1,"81":0,"82":3,"83":1,"84":1,"85":1,"86":0,"87":0,"88":0,"89":0,"90":0,"91":0,"92":0,"93":3,"94":1,"95":1,"96":1,"97":1,"98":1,"99":1,"100":1,"101":1,"102":1,"103":0,"104":0,"105":0,"106":0,"107":0,"108":0,"109":0,"110":0,"111":0,"112":0,"113":0,"114":0,"115":0,"116":0,"117":0,"118":3,"119":6,"120":6,"121":6,"122":5,"123":1,"124":1,"125":3,"126":10,"127":10,"128":10,"129":10,"130":10,"131":3,"132":8,"133":8,"134":8,"135":3,"136":0,"137":0,"138":3,"139":1,"140":1,"141":1,"142":1,"143":1,"144":0,"145":0,"146":0,"147":0,"148":1,"149":0,"150":1,"151":3,"152":0,"153":3,"154":0,"155":0,"156":3,"157":0,"158":0,"159":3,"160":0,"161":3,"162":3},"f":{"0":3,"1":6,"2":1,"3":1,"4":2,"5":1,"6":1,"7":1,"8":1,"9":1,"10":1,"11":1,"12":1,"13":1,"14":6,"15":10,"16":8,"17":0,"18":1,"19":0,"20":0,"21":0,"22":0},"b":{"0":[1,0],"1":[1,1],"2":[1,0],"3":[1,0],"4":[1,0],"5":[0,0],"6":[1,0],"7":[1,0],"8":[0,0,0],"9":[1,0],"10":[0,0],"11":[0,0,0],"12":[0,0],"13":[0,0],"14":[0,0],"15":[1,0],"16":[1,0],"17":[1,0],"18":[0,0,0],"19":[1,0],"20":[0,0],"21":[0,0],"22":[0,0],"23":[0,0],"24":[0,0],"25":[0,0],"26":[0,0],"27":[5,1],"28":[0,0],"29":[0,1],"30":[0,0,0,0,0,1,0,0,0,0],"31":[0,1],"32":[0,0],"33":[0,0],"34":[0,0],"35":[0,0]}}
,"/home/travis/build/iketari/preoccupyjs/src/host.ts": {"path":"/home/travis/build/iketari/preoccupyjs/src/host.ts","statementMap":{"0":{"start":{"line":1,"column":0},"end":{"line":1,"column":37}},"1":{"start":{"line":10,"column":0},"end":{"line":55,"column":0}},"2":{"start":{"line":16,"column":22},"end":{"line":16,"column":50}},"3":{"start":{"line":16,"column":60},"end":{"line":16,"column":75}},"4":{"start":{"line":11,"column":10},"end":{"line":11,"column":48}},"5":{"start":{"line":12,"column":10},"end":{"line":15,"column":20}},"6":{"start":{"line":18,"column":9},"end":{"line":22,"column":3}},"7":{"start":{"line":19,"column":4},"end":{"line":19,"column":22}},"8":{"start":{"line":21,"column":4},"end":{"line":21,"column":31}},"9":{"start":{"line":24,"column":9},"end":{"line":27,"column":3}},"10":{"start":{"line":25,"column":4},"end":{"line":25,"column":32}},"11":{"start":{"line":26,"column":4},"end":{"line":26,"column":25}},"12":{"start":{"line":29,"column":10},"end":{"line":38,"column":3}},"13":{"start":{"line":29,"column":2},"end":{"line":38,"column":2}},"14":{"start":{"line":30,"column":4},"end":{"line":37,"column":7}},"15":{"start":{"line":31,"column":6},"end":{"line":34,"column":9}},"16":{"start":{"line":32,"column":23},"end":{"line":32,"column":54}},"17":{"start":{"line":33,"column":8},"end":{"line":33,"column":39}},"18":{"start":{"line":36,"column":6},"end":{"line":36,"column":82}},"19":{"start":{"line":40,"column":10},"end":{"line":44,"column":3}},"20":{"start":{"line":40,"column":2},"end":{"line":44,"column":2}},"21":{"start":{"line":41,"column":4},"end":{"line":43,"column":6}},"22":{"start":{"line":42,"column":6},"end":{"line":42,"column":84}},"23":{"start":{"line":46,"column":9},"end":{"line":54,"column":3}},"24":{"start":{"line":47,"column":12},"end":{"line":47,"column":19}},"25":{"start":{"line":47,"column":21},"end":{"line":47,"column":28}},"26":{"start":{"line":48,"column":10},"end":{"line":48,"column":72}},"27":{"start":{"line":48,"column":12},"end":{"line":48,"column":24}},"28":{"start":{"line":48,"column":26},"end":{"line":48,"column":72}},"29":{"start":{"line":50,"column":4},"end":{"line":53,"column":6}},"30":{"start":{"line":55,"column":0},"end":{"line":55,"column":1}},"31":{"start":{"line":10,"column":13},"end":{"line":10,"column":17}}},"fnMap":{"0":{"name":"(anonymous_0)","decl":{"start":{"line":10,"column":0},"end":{"line":null,"column":-1}},"loc":{"start":{"line":10,"column":0},"end":{"line":10,"column":-1}}},"1":{"name":"Host","decl":{"start":{"line":16,"column":2},"end":{"line":16,"column":21}},"loc":{"start":{"line":16,"column":75},"end":{"line":16,"column":79}}},"2":{"name":"(anonymous_2)","decl":{"start":{"line":18,"column":2},"end":{"line":null,"column":-1}},"loc":{"start":{"line":18,"column":2},"end":{"line":22,"column":3}}},"3":{"name":"(anonymous_3)","decl":{"start":{"line":24,"column":2},"end":{"line":null,"column":-1}},"loc":{"start":{"line":24,"column":2},"end":{"line":27,"column":3}}},"4":{"name":"(anonymous_4)","decl":{"start":{"line":29,"column":2},"end":{"line":null,"column":-1}},"loc":{"start":{"line":29,"column":2},"end":{"line":38,"column":3}}},"5":{"name":"(anonymous_5)","decl":{"start":{"line":30,"column":25},"end":{"line":30,"column":24}},"loc":{"start":{"line":30,"column":31},"end":{"line":37,"column":5}}},"6":{"name":"(anonymous_6)","decl":{"start":{"line":31,"column":38},"end":{"line":31,"column":38}},"loc":{"start":{"line":31,"column":51},"end":{"line":34,"column":7}}},"7":{"name":"(anonymous_7)","decl":{"start":{"line":40,"column":2},"end":{"line":null,"column":-1}},"loc":{"start":{"line":40,"column":2},"end":{"line":44,"column":3}}},"8":{"name":"(anonymous_8)","decl":{"start":{"line":41,"column":25},"end":{"line":41,"column":24}},"loc":{"start":{"line":41,"column":31},"end":{"line":42,"column":84}}},"9":{"name":"(anonymous_9)","decl":{"start":{"line":46,"column":2},"end":{"line":46,"column":30}},"loc":{"start":{"line":46,"column":48},"end":{"line":54,"column":3}}}},"branchMap":{},"s":{"0":3,"1":3,"2":5,"3":5,"4":5,"5":5,"6":3,"7":2,"8":2,"9":3,"10":1,"11":1,"12":3,"13":2,"14":2,"15":22,"16":1,"17":1,"18":22,"19":3,"20":1,"21":1,"22":11,"23":3,"24":1,"25":1,"26":1,"27":1,"28":1,"29":1,"30":3,"31":3},"f":{"0":3,"1":5,"2":2,"3":1,"4":2,"5":22,"6":1,"7":1,"8":11,"9":1},"b":{}}
,"/home/travis/build/iketari/preoccupyjs/src/preoccupyjs.ts": {"path":"/home/travis/build/iketari/preoccupyjs/src/preoccupyjs.ts","statementMap":{"0":{"start":{"line":1,"column":0},"end":{"line":1,"column":33}},"1":{"start":{"line":2,"column":0},"end":{"line":2,"column":37}},"2":{"start":{"line":3,"column":0},"end":{"line":3,"column":29}},"3":{"start":{"line":4,"column":0},"end":{"line":4,"column":64}},"4":{"start":{"line":7,"column":0},"end":{"line":7,"column":25}},"5":{"start":{"line":8,"column":0},"end":{"line":8,"column":23}},"6":{"start":{"line":9,"column":0},"end":{"line":9,"column":29}},"7":{"start":{"line":10,"column":0},"end":{"line":10,"column":26}},"8":{"start":{"line":12,"column":0},"end":{"line":12,"column":36}},"9":{"start":{"line":12,"column":9},"end":{"line":12,"column":19}},"10":{"start":{"line":14,"column":23},"end":{"line":14,"column":43}},"11":{"start":{"line":18,"column":2},"end":{"line":18,"column":47}},"12":{"start":{"line":20,"column":2},"end":{"line":20,"column":54}},"13":{"start":{"line":16,"column":0},"end":{"line":21,"column":1}},"14":{"start":{"line":23,"column":44},"end":{"line":23,"column":89}},"15":{"start":{"line":24,"column":2},"end":{"line":24,"column":33}},"16":{"start":{"line":23,"column":0},"end":{"line":25,"column":1}}},"fnMap":{"0":{"name":"createClient","decl":{"start":{"line":16,"column":16},"end":{"line":16,"column":28}},"loc":{"start":{"line":18,"column":47},"end":{"line":21,"column":1}}},"1":{"name":"createHost","decl":{"start":{"line":23,"column":16},"end":{"line":23,"column":26}},"loc":{"start":{"line":23,"column":89},"end":{"line":25,"column":1}}}},"branchMap":{"0":{"loc":{"start":{"line":18,"column":2},"end":{"line":18,"column":47}},"type":"if","locations":[{"start":{"line":18,"column":2},"end":{"line":18,"column":47}},{"start":{"line":18,"column":2},"end":{"line":18,"column":47}}]},"1":{"loc":{"start":{"line":23,"column":44},"end":{"line":23,"column":89}},"type":"if","locations":[{"start":{"line":23,"column":44},"end":{"line":23,"column":89}},{"start":{"line":23,"column":44},"end":{"line":23,"column":89}}]}},"s":{"0":2,"1":2,"2":2,"3":2,"4":2,"5":2,"6":2,"7":2,"8":2,"9":2,"10":2,"11":2,"12":1,"13":2,"14":2,"15":1,"16":2},"f":{"0":1,"1":1},"b":{"0":[1,0],"1":[1,0]}}
,"/home/travis/build/iketari/preoccupyjs/src/utils.ts": {"path":"/home/travis/build/iketari/preoccupyjs/src/utils.ts","statementMap":{"0":{"start":{"line":2,"column":2},"end":{"line":4,"column":3}},"1":{"start":{"line":2,"column":13},"end":{"line":2,"column":26}},"2":{"start":{"line":2,"column":14},"end":{"line":2,"column":18}},"3":{"start":{"line":2,"column":20},"end":{"line":2,"column":25}},"4":{"start":{"line":3,"column":4},"end":{"line":3,"column":38}},"5":{"start":{"line":1,"column":0},"end":{"line":5,"column":1}},"6":{"start":{"line":7,"column":34},"end":{"line":7,"column":55}},"7":{"start":{"line":8,"column":2},"end":{"line":14,"column":4}},"8":{"start":{"line":10,"column":6},"end":{"line":10,"column":33}},"9":{"start":{"line":11,"column":6},"end":{"line":11,"column":20}},"10":{"start":{"line":7,"column":0},"end":{"line":15,"column":1}},"11":{"start":{"line":17,"column":13},"end":{"line":17,"column":43}}},"fnMap":{"0":{"name":"css","decl":{"start":{"line":1,"column":16},"end":{"line":1,"column":19}},"loc":{"start":{"line":1,"column":70},"end":{"line":5,"column":1}}},"1":{"name":"pick","decl":{"start":{"line":7,"column":16},"end":{"line":7,"column":20}},"loc":{"start":{"line":7,"column":55},"end":{"line":15,"column":1}}},"2":{"name":"(anonymous_2)","decl":{"start":{"line":9,"column":4},"end":{"line":9,"column":4}},"loc":{"start":{"line":9,"column":31},"end":{"line":12,"column":5}}}},"branchMap":{"0":{"loc":{"start":{"line":7,"column":34},"end":{"line":7,"column":55}},"type":"if","locations":[{"start":{"line":7,"column":34},"end":{"line":7,"column":55}},{"start":{"line":7,"column":34},"end":{"line":7,"column":55}}]}},"s":{"0":9,"1":66,"2":66,"3":66,"4":66,"5":7,"6":1,"7":1,"8":2,"9":2,"10":7,"11":7},"f":{"0":9,"1":1,"2":2},"b":{"0":[0,1]}}
}
