TN:
SF:/home/travis/build/iketari/preoccupyjs/src/client.ts
FN:8,(anonymous_0)
FN:12,Client
FN:14,(anonymous_2)
FN:27,(anonymous_3)
FN:28,(anonymous_4)
FN:32,(anonymous_5)
FN:41,(anonymous_6)
FNF:7
FNH:5
FNDA:3,(anonymous_0)
FNDA:6,Client
FNDA:2,(anonymous_2)
FNDA:1,(anonymous_3)
FNDA:0,(anonymous_4)
FNDA:0,(anonymous_5)
FNDA:2,(anonymous_6)
DA:1,3
DA:4,3
DA:6,3
DA:8,3
DA:9,6
DA:10,6
DA:12,6
DA:14,3
DA:15,2
DA:16,1
DA:17,1
DA:19,1
DA:20,1
DA:21,1
DA:22,0
DA:27,3
DA:28,1
DA:29,0
DA:32,1
DA:33,0
DA:35,0
DA:38,1
DA:41,3
DA:42,2
DA:43,2
DA:45,3
LF:26
LH:22
BRDA:15,0,0,1
BRDA:15,0,1,1
BRF:2
BRH:2
end_of_record
TN:
SF:/home/travis/build/iketari/preoccupyjs/src/cursor.ts
FN:4,(anonymous_0)
FN:6,Cursor
FN:10,(anonymous_2)
FN:14,(anonymous_3)
FN:18,(anonymous_4)
FN:22,(anonymous_5)
FNF:6
FNH:6
FNDA:4,(anonymous_0)
FNDA:8,Cursor
FNDA:1,(anonymous_2)
FNDA:4,(anonymous_3)
FNDA:1,(anonymous_4)
FNDA:8,(anonymous_5)
DA:2,4
DA:4,4
DA:7,8
DA:10,4
DA:11,1
DA:14,4
DA:15,4
DA:18,4
DA:19,1
DA:22,4
DA:23,8
DA:24,8
DA:35,8
DA:37,4
LF:14
LH:14
BRDA:19,0,0,1
BRDA:19,0,1,1
BRF:2
BRH:2
end_of_record
TN:
SF:/home/travis/build/iketari/preoccupyjs/src/dom.ts
FN:7,(anonymous_2)
FN:9,DomController
FN:11,(anonymous_4)
FN:22,(anonymous_5)
FN:26,(anonymous_6)
FN:39,(anonymous_7)
FN:49,(anonymous_8)
FN:59,(anonymous_9)
FN:77,(anonymous_10)
FN:94,(anonymous_11)
FN:112,(anonymous_12)
FN:139,(anonymous_13)
FN:148,(anonymous_14)
FN:168,(anonymous_15)
FN:216,(anonymous_16)
FN:235,(anonymous_17)
FN:244,(anonymous_18)
FN:248,(anonymous_19)
FN:254,(anonymous_20)
FN:296,(anonymous_21)
FN:300,(anonymous_22)
FN:305,(anonymous_23)
FN:310,(anonymous_24)
FNF:23
FNH:18
FNDA:3,(anonymous_2)
FNDA:6,DomController
FNDA:1,(anonymous_4)
FNDA:1,(anonymous_5)
FNDA:2,(anonymous_6)
FNDA:1,(anonymous_7)
FNDA:1,(anonymous_8)
FNDA:1,(anonymous_9)
FNDA:1,(anonymous_10)
FNDA:1,(anonymous_11)
FNDA:1,(anonymous_12)
FNDA:1,(anonymous_13)
FNDA:1,(anonymous_14)
FNDA:1,(anonymous_15)
FNDA:6,(anonymous_16)
FNDA:10,(anonymous_17)
FNDA:8,(anonymous_18)
FNDA:0,(anonymous_19)
FNDA:1,(anonymous_20)
FNDA:0,(anonymous_21)
FNDA:0,(anonymous_22)
FNDA:0,(anonymous_23)
FNDA:0,(anonymous_24)
DA:2,3
DA:3,3
DA:5,3
DA:7,3
DA:8,6
DA:9,6
DA:11,3
DA:12,1
DA:14,1
DA:15,1
DA:16,1
DA:18,0
DA:22,3
DA:23,1
DA:26,3
DA:27,2
DA:28,2
DA:30,2
DA:31,1
DA:34,1
DA:36,1
DA:39,3
DA:40,1
DA:42,1
DA:43,1
DA:46,0
DA:49,3
DA:50,1
DA:52,1
DA:53,1
DA:56,0
DA:59,3
DA:60,1
DA:62,1
DA:63,1
DA:66,0
DA:68,0
DA:69,0
DA:72,0
DA:73,0
DA:74,0
DA:77,3
DA:78,1
DA:79,1
DA:81,1
DA:82,1
DA:85,0
DA:86,0
DA:91,0
DA:94,3
DA:95,1
DA:97,1
DA:98,1
DA:101,0
DA:104,0
DA:105,0
DA:107,0
DA:109,0
DA:112,3
DA:113,1
DA:114,1
DA:115,1
DA:118,0
DA:119,0
DA:122,0
DA:123,0
DA:124,0
DA:126,0
DA:127,0
DA:129,0
DA:130,0
DA:132,0
DA:136,0
DA:139,3
DA:140,1
DA:141,1
DA:142,1
DA:145,0
DA:148,3
DA:149,1
DA:150,1
DA:151,1
DA:154,0
DA:155,0
DA:158,0
DA:159,0
DA:161,0
DA:162,0
DA:165,0
DA:168,3
DA:169,1
DA:170,1
DA:171,1
DA:172,1
DA:179,1
DA:181,1
DA:182,1
DA:184,1
DA:185,1
DA:188,0
DA:189,0
DA:190,0
DA:191,0
DA:194,0
DA:195,0
DA:196,0
DA:199,0
DA:202,0
DA:203,0
DA:206,0
DA:207,0
DA:209,0
DA:212,0
DA:213,0
DA:216,3
DA:219,6
DA:220,6
DA:222,6
DA:223,5
DA:226,1
DA:232,1
DA:235,10
DA:236,10
DA:238,10
DA:244,8
DA:245,8
DA:248,3
DA:249,0
DA:250,0
DA:254,3
DA:256,1
DA:261,1
DA:268,1
DA:272,1
DA:276,0
DA:280,0
DA:282,0
DA:286,0
DA:289,1
DA:290,0
DA:293,1
DA:296,3
DA:297,0
DA:300,3
DA:301,0
DA:302,0
DA:305,3
DA:306,0
DA:307,0
DA:310,3
DA:311,0
DA:313,3
LF:152
LH:88
BRDA:15,0,0,1
BRDA:15,0,1,0
BRDA:30,1,0,1
BRDA:30,1,1,1
BRDA:42,2,0,1
BRDA:42,2,1,0
BRDA:52,3,0,1
BRDA:52,3,1,0
BRDA:62,4,0,1
BRDA:62,4,1,0
BRDA:68,5,0,0
BRDA:68,5,1,0
BRDA:81,6,0,1
BRDA:81,6,1,0
BRDA:97,7,0,1
BRDA:97,7,1,0
BRDA:102,8,0,0
BRDA:102,8,1,0
BRDA:102,8,2,0
BRDA:114,9,0,1
BRDA:114,9,1,0
BRDA:118,10,0,0
BRDA:118,10,1,0
BRDA:120,11,0,0
BRDA:120,11,1,0
BRDA:120,11,2,0
BRDA:123,12,0,0
BRDA:123,12,1,0
BRDA:123,13,0,0
BRDA:123,13,1,0
BRDA:129,14,0,0
BRDA:129,14,1,0
BRDA:141,15,0,1
BRDA:141,15,1,0
BRDA:150,16,0,1
BRDA:150,16,1,0
BRDA:150,17,0,1
BRDA:150,17,1,0
BRDA:156,18,0,0
BRDA:156,18,1,0
BRDA:156,18,2,0
BRDA:184,19,0,1
BRDA:184,19,1,0
BRDA:188,20,0,0
BRDA:188,20,1,0
BRDA:189,21,0,0
BRDA:189,21,1,0
BRDA:189,22,0,0
BRDA:189,22,1,0
BRDA:194,23,0,0
BRDA:194,23,1,0
BRDA:194,24,0,0
BRDA:194,24,1,0
BRDA:202,25,0,0
BRDA:202,25,1,0
BRDA:206,26,0,0
BRDA:206,26,1,0
BRDA:222,27,0,5
BRDA:222,27,1,1
BRDA:249,28,0,0
BRDA:249,28,1,0
BRDA:254,29,0,0
BRDA:254,29,1,1
BRDA:262,30,0,0
BRDA:262,30,1,0
BRDA:262,30,2,0
BRDA:262,30,3,0
BRDA:262,30,4,0
BRDA:262,30,5,1
BRDA:262,30,6,0
BRDA:262,30,7,0
BRDA:262,30,8,0
BRDA:262,30,9,0
BRDA:289,31,0,0
BRDA:289,31,1,1
BRDA:297,32,0,0
BRDA:297,32,1,0
BRDA:302,33,0,0
BRDA:302,33,1,0
BRDA:307,34,0,0
BRDA:307,34,1,0
BRDA:311,35,0,0
BRDA:311,35,1,0
BRF:83
BRH:18
end_of_record
TN:
SF:/home/travis/build/iketari/preoccupyjs/src/host.ts
FN:10,(anonymous_0)
FN:16,Host
FN:18,(anonymous_2)
FN:24,(anonymous_3)
FN:29,(anonymous_4)
FN:30,(anonymous_5)
FN:31,(anonymous_6)
FN:40,(anonymous_7)
FN:41,(anonymous_8)
FN:46,(anonymous_9)
FNF:10
FNH:10
FNDA:3,(anonymous_0)
FNDA:5,Host
FNDA:2,(anonymous_2)
FNDA:1,(anonymous_3)
FNDA:2,(anonymous_4)
FNDA:22,(anonymous_5)
FNDA:1,(anonymous_6)
FNDA:1,(anonymous_7)
FNDA:11,(anonymous_8)
FNDA:1,(anonymous_9)
DA:1,3
DA:10,3
DA:11,5
DA:12,5
DA:16,5
DA:18,3
DA:19,2
DA:21,2
DA:24,3
DA:25,1
DA:26,1
DA:29,3
DA:30,2
DA:31,22
DA:32,1
DA:33,1
DA:36,22
DA:40,3
DA:41,1
DA:42,11
DA:46,3
DA:47,1
DA:48,1
DA:50,1
DA:55,3
LF:25
LH:25
BRF:0
BRH:0
end_of_record
TN:
SF:/home/travis/build/iketari/preoccupyjs/src/preoccupyjs.ts
FN:16,createClient
FN:23,createHost
FNF:2
FNH:2
FNDA:1,createClient
FNDA:1,createHost
DA:1,2
DA:2,2
DA:3,2
DA:4,2
DA:7,2
DA:8,2
DA:9,2
DA:10,2
DA:12,2
DA:14,2
DA:16,2
DA:18,2
DA:20,1
DA:23,2
DA:24,1
LF:15
LH:15
BRDA:18,0,0,1
BRDA:18,0,1,0
BRDA:23,1,0,1
BRDA:23,1,1,0
BRF:4
BRH:2
end_of_record
TN:
SF:/home/travis/build/iketari/preoccupyjs/src/utils.ts
FN:1,css
FN:7,pick
FN:9,(anonymous_2)
FNF:3
FNH:3
FNDA:9,css
FNDA:1,pick
FNDA:2,(anonymous_2)
DA:1,7
DA:2,66
DA:3,66
DA:7,7
DA:8,1
DA:10,2
DA:11,2
DA:17,7
LF:8
LH:8
BRDA:7,0,0,0
BRDA:7,0,1,1
BRF:2
BRH:1
end_of_record
